<?xml version="1.0" encoding="UTF-8"?>
<!-- Generated by org.testng.reporters.JUnitReportReporter -->
<testsuite hostname="DESKTOP-FFEL2UG" failures="0" tests="15" name="homework.ch11_13.StudentTest" time="0.004" errors="0" timestamp="17 4月 2021 17:17:12 GMT" skipped="0">
  <testcase classname="homework.ch11_13.StudentTest" name="testSetClassNo" time="0.000"/>
  <testcase classname="homework.ch11_13.StudentTest" name="testTestClone" time="0.000"/>
  <testcase classname="homework.ch11_13.StudentTest" name="testTestEquals" time="0.000"/>
  <testcase classname="homework.ch11_13.StudentTest" name="testTestEquals" time="0.000"/>
  <testcase classname="homework.ch11_13.StudentTest" name="testGetDepartment" time="0.000"/>
  <testcase classname="homework.ch11_13.StudentTest" name="testTestEquals" time="0.000"/>
  <testcase classname="homework.ch11_13.StudentTest" name="testGetClassNo" time="0.000"/>
  <testcase classname="homework.ch11_13.StudentTest" name="testTestEquals" time="0.000"/>
  <testcase classname="homework.ch11_13.StudentTest" name="testTestEquals" time="0.000"/>
  <testcase classname="homework.ch11_13.StudentTest" name="testSetDepartment" time="0.000"/>
  <testcase classname="homework.ch11_13.StudentTest" name="testTestToString" time="0.004"/>
  <testcase classname="homework.ch11_13.StudentTest" name="testTestEquals" time="0.000"/>
  <testcase classname="homework.ch11_13.StudentTest" name="testSetStudentId" time="0.000"/>
  <testcase classname="homework.ch11_13.StudentTest" name="testGetStudentId" time="0.000"/>
  <testcase classname="homework.ch11_13.StudentTest" name="testTestEquals" time="0.000"/>
</testsuite> <!-- homework.ch11_13.StudentTest -->
