<?xml version="1.0" encoding="UTF-8"?>
<testng-results ignored="0" total="83" passed="83" failed="0" skipped="0">
  <reporter-output>
  </reporter-output>
  <suite started-at="2021-04-17T17:17:12Z" name="All Test Suite" finished-at="2021-04-17T17:17:12Z" duration-ms="0">
    <groups>
    </groups>
  </suite> <!-- All Test Suite -->
  <suite started-at="2021-04-17T17:17:11Z" name="All Test Suite (0)" finished-at="2021-04-17T17:17:11Z" duration-ms="112">
    <groups>
    </groups>
    <test started-at="2021-04-17T17:17:11Z" name="D:/IdeaWorkspace/TestNGDemo/test/homework/ch11_13/PersonTest.java" finished-at="2021-04-17T17:17:11Z" duration-ms="24">
      <class name="homework.ch11_13.PersonTest">
        <test-method signature="testGetName()[pri:0, instance:homework.ch11_13.PersonTest@5bcea91b]" started-at="2021-04-17T17:17:11Z" name="testGetName" finished-at="2021-04-17T17:17:11Z" duration-ms="4" status="PASS">
          <reporter-output>
          </reporter-output>
        </test-method> <!-- testGetName -->
        <test-method signature="testSetName()[pri:0, instance:homework.ch11_13.PersonTest@5bcea91b]" started-at="2021-04-17T17:17:11Z" name="testSetName" finished-at="2021-04-17T17:17:11Z" duration-ms="0" status="PASS">
          <reporter-output>
          </reporter-output>
        </test-method> <!-- testSetName -->
        <test-method signature="testTestToString()[pri:0, instance:homework.ch11_13.PersonTest@5bcea91b]" started-at="2021-04-17T17:17:11Z" name="testTestToString" finished-at="2021-04-17T17:17:11Z" duration-ms="4" status="PASS">
          <reporter-output>
          </reporter-output>
        </test-method> <!-- testTestToString -->
        <test-method signature="testSetAge()[pri:0, instance:homework.ch11_13.PersonTest@5bcea91b]" started-at="2021-04-17T17:17:11Z" name="testSetAge" finished-at="2021-04-17T17:17:11Z" duration-ms="0" status="PASS">
          <reporter-output>
          </reporter-output>
        </test-method> <!-- testSetAge -->
        <test-method signature="testGetAge()[pri:0, instance:homework.ch11_13.PersonTest@5bcea91b]" started-at="2021-04-17T17:17:11Z" name="testGetAge" finished-at="2021-04-17T17:17:11Z" duration-ms="0" status="PASS">
          <reporter-output>
          </reporter-output>
        </test-method> <!-- testGetAge -->
        <test-method signature="testTestEquals()[pri:0, instance:homework.ch11_13.PersonTest@5bcea91b]" started-at="2021-04-17T17:17:11Z" name="testTestEquals" finished-at="2021-04-17T17:17:11Z" duration-ms="0" status="PASS">
          <reporter-output>
          </reporter-output>
        </test-method> <!-- testTestEquals -->
        <test-method signature="testTestClone()[pri:0, instance:homework.ch11_13.PersonTest@5bcea91b]" started-at="2021-04-17T17:17:11Z" name="testTestClone" finished-at="2021-04-17T17:17:11Z" duration-ms="0" status="PASS">
          <reporter-output>
          </reporter-output>
        </test-method> <!-- testTestClone -->
      </class> <!-- homework.ch11_13.PersonTest -->
    </test> <!-- D:/IdeaWorkspace/TestNGDemo/test/homework/ch11_13/PersonTest.java -->
    <test started-at="2021-04-17T17:17:11Z" name="D:/IdeaWorkspace/TestNGDemo/test/homework/ch11_13/StudentTest.java" finished-at="2021-04-17T17:17:11Z" duration-ms="16">
      <class name="homework.ch11_13.StudentTest">
        <test-method signature="testSetClassNo(homework.ch11_13.p3.Student, java.lang.String)[pri:0, instance:homework.ch11_13.StudentTest@cb0ed20]" started-at="2021-04-17T17:17:11Z" name="testSetClassNo" data-provider="studentDataProvider" finished-at="2021-04-17T17:17:11Z" duration-ms="0" status="PASS">
          <params>
            <param index="0">
              <value>
                <![CDATA[年龄:0 名字:null
学号：0 部门：null 班级：null
]]>
              </value>
            </param>
            <param index="1">
              <value>
                <![CDATA[CS1704]]>
              </value>
            </param>
          </params>
          <reporter-output>
          </reporter-output>
        </test-method> <!-- testSetClassNo -->
        <test-method signature="testGetDepartment(homework.ch11_13.p3.Student, java.lang.String)[pri:0, instance:homework.ch11_13.StudentTest@cb0ed20]" started-at="2021-04-17T17:17:11Z" name="testGetDepartment" data-provider="studentDataProvider" finished-at="2021-04-17T17:17:11Z" duration-ms="0" status="PASS">
          <params>
            <param index="0">
              <value>
                <![CDATA[年龄:20 名字:aaa
学号：20170101 部门：CS 班级：CS1704
]]>
              </value>
            </param>
            <param index="1">
              <value>
                <![CDATA[CS]]>
              </value>
            </param>
          </params>
          <reporter-output>
          </reporter-output>
        </test-method> <!-- testGetDepartment -->
        <test-method signature="testGetClassNo(homework.ch11_13.p3.Student, java.lang.String)[pri:0, instance:homework.ch11_13.StudentTest@cb0ed20]" started-at="2021-04-17T17:17:11Z" name="testGetClassNo" data-provider="studentDataProvider" finished-at="2021-04-17T17:17:11Z" duration-ms="0" status="PASS">
          <params>
            <param index="0">
              <value>
                <![CDATA[年龄:20 名字:aaa
学号：20170101 部门：CS 班级：CS1704
]]>
              </value>
            </param>
            <param index="1">
              <value>
                <![CDATA[CS1704]]>
              </value>
            </param>
          </params>
          <reporter-output>
          </reporter-output>
        </test-method> <!-- testGetClassNo -->
        <test-method signature="testSetDepartment(homework.ch11_13.p3.Student, java.lang.String)[pri:0, instance:homework.ch11_13.StudentTest@cb0ed20]" started-at="2021-04-17T17:17:11Z" name="testSetDepartment" data-provider="studentDataProvider" finished-at="2021-04-17T17:17:11Z" duration-ms="0" status="PASS">
          <params>
            <param index="0">
              <value>
                <![CDATA[年龄:0 名字:null
学号：0 部门：null 班级：null
]]>
              </value>
            </param>
            <param index="1">
              <value>
                <![CDATA[EE]]>
              </value>
            </param>
          </params>
          <reporter-output>
          </reporter-output>
        </test-method> <!-- testSetDepartment -->
        <test-method signature="testTestToString(homework.ch11_13.p3.Student, [Ljava.lang.Object;)[pri:0, instance:homework.ch11_13.StudentTest@cb0ed20]" started-at="2021-04-17T17:17:11Z" name="testTestToString" data-provider="studentDataProvider" finished-at="2021-04-17T17:17:11Z" duration-ms="4" status="PASS">
          <params>
            <param index="0">
              <value>
                <![CDATA[年龄:20 名字:aaa
学号：20170101 部门：CS 班级：CS1704
]]>
              </value>
            </param>
            <param index="1">
              <value>
                <![CDATA[[Ljava.lang.Object;@5c1a8622]]>
              </value>
            </param>
          </params>
          <reporter-output>
          </reporter-output>
        </test-method> <!-- testTestToString -->
        <test-method signature="testSetStudentId(homework.ch11_13.p3.Student, int)[pri:0, instance:homework.ch11_13.StudentTest@cb0ed20]" started-at="2021-04-17T17:17:11Z" name="testSetStudentId" data-provider="studentDataProvider" finished-at="2021-04-17T17:17:11Z" duration-ms="0" status="PASS">
          <params>
            <param index="0">
              <value>
                <![CDATA[年龄:0 名字:null
学号：0 部门：null 班级：null
]]>
              </value>
            </param>
            <param index="1">
              <value>
                <![CDATA[20170102]]>
              </value>
            </param>
          </params>
          <reporter-output>
          </reporter-output>
        </test-method> <!-- testSetStudentId -->
        <test-method signature="testGetStudentId(homework.ch11_13.p3.Student, int)[pri:0, instance:homework.ch11_13.StudentTest@cb0ed20]" started-at="2021-04-17T17:17:11Z" name="testGetStudentId" data-provider="studentDataProvider" finished-at="2021-04-17T17:17:11Z" duration-ms="0" status="PASS">
          <params>
            <param index="0">
              <value>
                <![CDATA[年龄:20 名字:aaa
学号：20170101 部门：CS 班级：CS1704
]]>
              </value>
            </param>
            <param index="1">
              <value>
                <![CDATA[20170101]]>
              </value>
            </param>
          </params>
          <reporter-output>
          </reporter-output>
        </test-method> <!-- testGetStudentId -->
        <test-method signature="testTestClone(homework.ch11_13.p3.Student, java.lang.Object)[pri:0, instance:homework.ch11_13.StudentTest@cb0ed20]" started-at="2021-04-17T17:17:11Z" name="testTestClone" data-provider="studentDataProvider" finished-at="2021-04-17T17:17:11Z" duration-ms="0" status="PASS">
          <params>
            <param index="0">
              <value>
                <![CDATA[年龄:20 名字:aaa
学号：20170101 部门：CS 班级：CS1704
]]>
              </value>
            </param>
            <param index="1">
              <value is-null="true"/>
            </param>
          </params>
          <reporter-output>
          </reporter-output>
        </test-method> <!-- testTestClone -->
        <test-method signature="testTestEquals([Lhomework.ch11_13.p3.Student;, boolean)[pri:0, instance:homework.ch11_13.StudentTest@cb0ed20]" started-at="2021-04-17T17:17:11Z" name="testTestEquals" data-provider="studentDataProvider" finished-at="2021-04-17T17:17:11Z" duration-ms="0" status="PASS">
          <params>
            <param index="0">
              <value>
                <![CDATA[[Lhomework.ch11_13.p3.Student;@f2f2cc1]]>
              </value>
            </param>
            <param index="1">
              <value>
                <![CDATA[false]]>
              </value>
            </param>
          </params>
          <reporter-output>
          </reporter-output>
        </test-method> <!-- testTestEquals -->
        <test-method signature="testTestEquals([Lhomework.ch11_13.p3.Student;, boolean)[pri:0, instance:homework.ch11_13.StudentTest@cb0ed20]" started-at="2021-04-17T17:17:11Z" name="testTestEquals" data-provider="studentDataProvider" finished-at="2021-04-17T17:17:11Z" duration-ms="0" status="PASS">
          <params>
            <param index="0">
              <value>
                <![CDATA[[Lhomework.ch11_13.p3.Student;@2aa5fe93]]>
              </value>
            </param>
            <param index="1">
              <value>
                <![CDATA[false]]>
              </value>
            </param>
          </params>
          <reporter-output>
          </reporter-output>
        </test-method> <!-- testTestEquals -->
        <test-method signature="testTestEquals([Lhomework.ch11_13.p3.Student;, boolean)[pri:0, instance:homework.ch11_13.StudentTest@cb0ed20]" started-at="2021-04-17T17:17:11Z" name="testTestEquals" data-provider="studentDataProvider" finished-at="2021-04-17T17:17:11Z" duration-ms="0" status="PASS">
          <params>
            <param index="0">
              <value>
                <![CDATA[[Lhomework.ch11_13.p3.Student;@475e586c]]>
              </value>
            </param>
            <param index="1">
              <value>
                <![CDATA[true]]>
              </value>
            </param>
          </params>
          <reporter-output>
          </reporter-output>
        </test-method> <!-- testTestEquals -->
        <test-method signature="testTestEquals([Lhomework.ch11_13.p3.Student;, boolean)[pri:0, instance:homework.ch11_13.StudentTest@cb0ed20]" started-at="2021-04-17T17:17:11Z" name="testTestEquals" data-provider="studentDataProvider" finished-at="2021-04-17T17:17:11Z" duration-ms="0" status="PASS">
          <params>
            <param index="0">
              <value>
                <![CDATA[[Lhomework.ch11_13.p3.Student;@436a4e4b]]>
              </value>
            </param>
            <param index="1">
              <value>
                <![CDATA[true]]>
              </value>
            </param>
          </params>
          <reporter-output>
          </reporter-output>
        </test-method> <!-- testTestEquals -->
        <test-method signature="testTestEquals([Lhomework.ch11_13.p3.Student;, boolean)[pri:0, instance:homework.ch11_13.StudentTest@cb0ed20]" started-at="2021-04-17T17:17:11Z" name="testTestEquals" data-provider="studentDataProvider" finished-at="2021-04-17T17:17:11Z" duration-ms="0" status="PASS">
          <params>
            <param index="0">
              <value>
                <![CDATA[[Lhomework.ch11_13.p3.Student;@657c8ad9]]>
              </value>
            </param>
            <param index="1">
              <value>
                <![CDATA[false]]>
              </value>
            </param>
          </params>
          <reporter-output>
          </reporter-output>
        </test-method> <!-- testTestEquals -->
        <test-method signature="testTestEquals([Lhomework.ch11_13.p3.Student;, boolean)[pri:0, instance:homework.ch11_13.StudentTest@cb0ed20]" started-at="2021-04-17T17:17:11Z" name="testTestEquals" data-provider="studentDataProvider" finished-at="2021-04-17T17:17:11Z" duration-ms="0" status="PASS">
          <params>
            <param index="0">
              <value>
                <![CDATA[[Lhomework.ch11_13.p3.Student;@3b2cf7ab]]>
              </value>
            </param>
            <param index="1">
              <value>
                <![CDATA[false]]>
              </value>
            </param>
          </params>
          <reporter-output>
          </reporter-output>
        </test-method> <!-- testTestEquals -->
        <test-method signature="testTestEquals([Lhomework.ch11_13.p3.Student;, boolean)[pri:0, instance:homework.ch11_13.StudentTest@cb0ed20]" started-at="2021-04-17T17:17:11Z" name="testTestEquals" data-provider="studentDataProvider" finished-at="2021-04-17T17:17:11Z" duration-ms="0" status="PASS">
          <params>
            <param index="0">
              <value>
                <![CDATA[[Lhomework.ch11_13.p3.Student;@3a079870]]>
              </value>
            </param>
            <param index="1">
              <value>
                <![CDATA[false]]>
              </value>
            </param>
          </params>
          <reporter-output>
          </reporter-output>
        </test-method> <!-- testTestEquals -->
      </class> <!-- homework.ch11_13.StudentTest -->
    </test> <!-- D:/IdeaWorkspace/TestNGDemo/test/homework/ch11_13/StudentTest.java -->
    <test started-at="2021-04-17T17:17:11Z" name="D:/IdeaWorkspace/TestNGDemo/test/homework/ch11_13/FacultyTest.java" finished-at="2021-04-17T17:17:11Z" duration-ms="4">
      <class name="homework.ch11_13.FacultyTest">
        <test-method signature="testSetFacultyId(homework.ch11_13.p3.Faculty, int)[pri:0, instance:homework.ch11_13.FacultyTest@75881071]" started-at="2021-04-17T17:17:11Z" name="testSetFacultyId" data-provider="facultyDataProvider" finished-at="2021-04-17T17:17:11Z" duration-ms="0" status="PASS">
          <params>
            <param index="0">
              <value>
                <![CDATA[年龄:0 名字:null
教工Id：0 职称：null 邮箱：null
]]>
              </value>
            </param>
            <param index="1">
              <value>
                <![CDATA[1998000112]]>
              </value>
            </param>
          </params>
          <reporter-output>
          </reporter-output>
        </test-method> <!-- testSetFacultyId -->
        <test-method signature="testGetFacultyId(homework.ch11_13.p3.Faculty, int)[pri:0, instance:homework.ch11_13.FacultyTest@75881071]" started-at="2021-04-17T17:17:11Z" name="testGetFacultyId" data-provider="facultyDataProvider" finished-at="2021-04-17T17:17:11Z" duration-ms="0" status="PASS">
          <params>
            <param index="0">
              <value>
                <![CDATA[年龄:20 名字:aaa
教工Id：1998000111 职称：Professor 邮箱：abc@qq.com
]]>
              </value>
            </param>
            <param index="1">
              <value>
                <![CDATA[1998000111]]>
              </value>
            </param>
          </params>
          <reporter-output>
          </reporter-output>
        </test-method> <!-- testGetFacultyId -->
        <test-method signature="testGetTitle(homework.ch11_13.p3.Faculty, java.lang.String)[pri:0, instance:homework.ch11_13.FacultyTest@75881071]" started-at="2021-04-17T17:17:11Z" name="testGetTitle" data-provider="facultyDataProvider" finished-at="2021-04-17T17:17:11Z" duration-ms="0" status="PASS">
          <params>
            <param index="0">
              <value>
                <![CDATA[年龄:20 名字:aaa
教工Id：1998000111 职称：Professor 邮箱：abc@qq.com
]]>
              </value>
            </param>
            <param index="1">
              <value>
                <![CDATA[Professor]]>
              </value>
            </param>
          </params>
          <reporter-output>
          </reporter-output>
        </test-method> <!-- testGetTitle -->
        <test-method signature="testGetEmail(homework.ch11_13.p3.Faculty, java.lang.String)[pri:0, instance:homework.ch11_13.FacultyTest@75881071]" started-at="2021-04-17T17:17:11Z" name="testGetEmail" data-provider="facultyDataProvider" finished-at="2021-04-17T17:17:11Z" duration-ms="0" status="PASS">
          <params>
            <param index="0">
              <value>
                <![CDATA[年龄:20 名字:aaa
教工Id：1998000111 职称：Professor 邮箱：abc@qq.com
]]>
              </value>
            </param>
            <param index="1">
              <value>
                <![CDATA[abc@qq.com]]>
              </value>
            </param>
          </params>
          <reporter-output>
          </reporter-output>
        </test-method> <!-- testGetEmail -->
        <test-method signature="testSetTitle(homework.ch11_13.p3.Faculty, java.lang.String)[pri:0, instance:homework.ch11_13.FacultyTest@75881071]" started-at="2021-04-17T17:17:11Z" name="testSetTitle" data-provider="facultyDataProvider" finished-at="2021-04-17T17:17:11Z" duration-ms="0" status="PASS">
          <params>
            <param index="0">
              <value>
                <![CDATA[年龄:0 名字:null
教工Id：0 职称：null 邮箱：null
]]>
              </value>
            </param>
            <param index="1">
              <value>
                <![CDATA[Lecturer]]>
              </value>
            </param>
          </params>
          <reporter-output>
          </reporter-output>
        </test-method> <!-- testSetTitle -->
        <test-method signature="testSetEmail(homework.ch11_13.p3.Faculty, java.lang.String)[pri:0, instance:homework.ch11_13.FacultyTest@75881071]" started-at="2021-04-17T17:17:11Z" name="testSetEmail" data-provider="facultyDataProvider" finished-at="2021-04-17T17:17:11Z" duration-ms="0" status="PASS">
          <params>
            <param index="0">
              <value>
                <![CDATA[年龄:0 名字:null
教工Id：0 职称：null 邮箱：null
]]>
              </value>
            </param>
            <param index="1">
              <value>
                <![CDATA[123@qq.com]]>
              </value>
            </param>
          </params>
          <reporter-output>
          </reporter-output>
        </test-method> <!-- testSetEmail -->
        <test-method signature="testTestEquals([Lhomework.ch11_13.p3.Faculty;, boolean)[pri:0, instance:homework.ch11_13.FacultyTest@75881071]" started-at="2021-04-17T17:17:11Z" name="testTestEquals" data-provider="facultyDataProvider" finished-at="2021-04-17T17:17:11Z" duration-ms="0" status="PASS">
          <params>
            <param index="0">
              <value>
                <![CDATA[[Lhomework.ch11_13.p3.Faculty;@1a0dcaa]]>
              </value>
            </param>
            <param index="1">
              <value>
                <![CDATA[false]]>
              </value>
            </param>
          </params>
          <reporter-output>
          </reporter-output>
        </test-method> <!-- testTestEquals -->
        <test-method signature="testTestClone(homework.ch11_13.p3.Faculty, java.lang.Object)[pri:0, instance:homework.ch11_13.FacultyTest@75881071]" started-at="2021-04-17T17:17:11Z" name="testTestClone" data-provider="facultyDataProvider" finished-at="2021-04-17T17:17:11Z" duration-ms="0" status="PASS">
          <params>
            <param index="0">
              <value>
                <![CDATA[年龄:20 名字:aaa
教工Id：1998000111 职称：Professor 邮箱：abc@qq.com
]]>
              </value>
            </param>
            <param index="1">
              <value is-null="true"/>
            </param>
          </params>
          <reporter-output>
          </reporter-output>
        </test-method> <!-- testTestClone -->
        <test-method signature="testTestEquals([Lhomework.ch11_13.p3.Faculty;, boolean)[pri:0, instance:homework.ch11_13.FacultyTest@75881071]" started-at="2021-04-17T17:17:11Z" name="testTestEquals" data-provider="facultyDataProvider" finished-at="2021-04-17T17:17:11Z" duration-ms="0" status="PASS">
          <params>
            <param index="0">
              <value>
                <![CDATA[[Lhomework.ch11_13.p3.Faculty;@fdefd3f]]>
              </value>
            </param>
            <param index="1">
              <value>
                <![CDATA[false]]>
              </value>
            </param>
          </params>
          <reporter-output>
          </reporter-output>
        </test-method> <!-- testTestEquals -->
        <test-method signature="testTestEquals([Lhomework.ch11_13.p3.Faculty;, boolean)[pri:0, instance:homework.ch11_13.FacultyTest@75881071]" started-at="2021-04-17T17:17:11Z" name="testTestEquals" data-provider="facultyDataProvider" finished-at="2021-04-17T17:17:11Z" duration-ms="0" status="PASS">
          <params>
            <param index="0">
              <value>
                <![CDATA[[Lhomework.ch11_13.p3.Faculty;@3745e5c6]]>
              </value>
            </param>
            <param index="1">
              <value>
                <![CDATA[true]]>
              </value>
            </param>
          </params>
          <reporter-output>
          </reporter-output>
        </test-method> <!-- testTestEquals -->
        <test-method signature="testTestEquals([Lhomework.ch11_13.p3.Faculty;, boolean)[pri:0, instance:homework.ch11_13.FacultyTest@75881071]" started-at="2021-04-17T17:17:11Z" name="testTestEquals" data-provider="facultyDataProvider" finished-at="2021-04-17T17:17:11Z" duration-ms="0" status="PASS">
          <params>
            <param index="0">
              <value>
                <![CDATA[[Lhomework.ch11_13.p3.Faculty;@19d37183]]>
              </value>
            </param>
            <param index="1">
              <value>
                <![CDATA[false]]>
              </value>
            </param>
          </params>
          <reporter-output>
          </reporter-output>
        </test-method> <!-- testTestEquals -->
        <test-method signature="testTestEquals([Lhomework.ch11_13.p3.Faculty;, boolean)[pri:0, instance:homework.ch11_13.FacultyTest@75881071]" started-at="2021-04-17T17:17:11Z" name="testTestEquals" data-provider="facultyDataProvider" finished-at="2021-04-17T17:17:11Z" duration-ms="0" status="PASS">
          <params>
            <param index="0">
              <value>
                <![CDATA[[Lhomework.ch11_13.p3.Faculty;@71c8becc]]>
              </value>
            </param>
            <param index="1">
              <value>
                <![CDATA[true]]>
              </value>
            </param>
          </params>
          <reporter-output>
          </reporter-output>
        </test-method> <!-- testTestEquals -->
        <test-method signature="testTestToString(homework.ch11_13.p3.Faculty, [Ljava.lang.Object;)[pri:0, instance:homework.ch11_13.FacultyTest@75881071]" started-at="2021-04-17T17:17:11Z" name="testTestToString" data-provider="facultyDataProvider" finished-at="2021-04-17T17:17:11Z" duration-ms="0" status="PASS">
          <params>
            <param index="0">
              <value>
                <![CDATA[年龄:20 名字:aaa
教工Id：1998000111 职称：Professor 邮箱：abc@qq.com
]]>
              </value>
            </param>
            <param index="1">
              <value>
                <![CDATA[[Ljava.lang.Object;@d83da2e]]>
              </value>
            </param>
          </params>
          <reporter-output>
          </reporter-output>
        </test-method> <!-- testTestToString -->
        <test-method signature="testTestEquals([Lhomework.ch11_13.p3.Faculty;, boolean)[pri:0, instance:homework.ch11_13.FacultyTest@75881071]" started-at="2021-04-17T17:17:11Z" name="testTestEquals" data-provider="facultyDataProvider" finished-at="2021-04-17T17:17:11Z" duration-ms="0" status="PASS">
          <params>
            <param index="0">
              <value>
                <![CDATA[[Lhomework.ch11_13.p3.Faculty;@3bd40a57]]>
              </value>
            </param>
            <param index="1">
              <value>
                <![CDATA[false]]>
              </value>
            </param>
          </params>
          <reporter-output>
          </reporter-output>
        </test-method> <!-- testTestEquals -->
        <test-method signature="testTestEquals([Lhomework.ch11_13.p3.Faculty;, boolean)[pri:0, instance:homework.ch11_13.FacultyTest@75881071]" started-at="2021-04-17T17:17:11Z" name="testTestEquals" data-provider="facultyDataProvider" finished-at="2021-04-17T17:17:11Z" duration-ms="0" status="PASS">
          <params>
            <param index="0">
              <value>
                <![CDATA[[Lhomework.ch11_13.p3.Faculty;@5e4c8041]]>
              </value>
            </param>
            <param index="1">
              <value>
                <![CDATA[false]]>
              </value>
            </param>
          </params>
          <reporter-output>
          </reporter-output>
        </test-method> <!-- testTestEquals -->
      </class> <!-- homework.ch11_13.FacultyTest -->
    </test> <!-- D:/IdeaWorkspace/TestNGDemo/test/homework/ch11_13/FacultyTest.java -->
    <test started-at="2021-04-17T17:17:11Z" name="D:/IdeaWorkspace/TestNGDemo/test/homework/ch11_13/CourseTest.java" finished-at="2021-04-17T17:17:11Z" duration-ms="4">
      <class name="homework.ch11_13.CourseTest">
        <test-method signature="testGetCourseName(homework.ch11_13.p3.Course, java.lang.String)[pri:0, instance:homework.ch11_13.CourseTest@1990a65e]" started-at="2021-04-17T17:17:11Z" name="testGetCourseName" data-provider="courseDataProvider" finished-at="2021-04-17T17:17:11Z" duration-ms="0" status="PASS">
          <params>
            <param index="0">
              <value>
                <![CDATA[课程名称：Java Language Programming学生:老师：年龄:65 名字:James Gosling
教工Id：0 职称：Professor 邮箱：http://nighthacks.com/jag/bio/index.html
]]>
              </value>
            </param>
            <param index="1">
              <value>
                <![CDATA[Java Language Programming]]>
              </value>
            </param>
          </params>
          <reporter-output>
          </reporter-output>
        </test-method> <!-- testGetCourseName -->
        <test-method signature="testRegister(homework.ch11_13.p3.Course, [Lhomework.ch11_13.p3.Person;)[pri:0, instance:homework.ch11_13.CourseTest@1990a65e]" started-at="2021-04-17T17:17:11Z" name="testRegister" data-provider="courseDataProvider" finished-at="2021-04-17T17:17:11Z" duration-ms="0" status="PASS">
          <params>
            <param index="0">
              <value>
                <![CDATA[课程名称：Java Language Programming学生:老师：年龄:65 名字:James Gosling
教工Id：0 职称：Professor 邮箱：http://nighthacks.com/jag/bio/index.html
]]>
              </value>
            </param>
            <param index="1">
              <value>
                <![CDATA[[Lhomework.ch11_13.p3.Person;@2aa3cd93]]>
              </value>
            </param>
          </params>
          <reporter-output>
          </reporter-output>
        </test-method> <!-- testRegister -->
        <test-method signature="testGetStudents(homework.ch11_13.p3.Course, [Lhomework.ch11_13.p3.Person;)[pri:0, instance:homework.ch11_13.CourseTest@1990a65e]" started-at="2021-04-17T17:17:11Z" name="testGetStudents" data-provider="courseDataProvider" finished-at="2021-04-17T17:17:11Z" duration-ms="0" status="PASS">
          <params>
            <param index="0">
              <value>
                <![CDATA[课程名称：Java Language Programming学生:年龄:20 名字:aaa
学号：20170101 部门：CS 班级：CS1704
--年龄:20 名字:bbb
学号：20170102 部门：CS 班级：CS1705
--年龄:20 名字:ccc
学号：20170103 部门：CS 班级：CS1706
--老师：年龄:65 名字:James Gosling
教工Id：0 职称：Professor 邮箱：http://nighthacks.com/jag/bio/index.html
]]>
              </value>
            </param>
            <param index="1">
              <value>
                <![CDATA[[Lhomework.ch11_13.p3.Person;@add0edd]]>
              </value>
            </param>
          </params>
          <reporter-output>
          </reporter-output>
        </test-method> <!-- testGetStudents -->
        <test-method signature="testGetTeacher(homework.ch11_13.p3.Course, homework.ch11_13.p3.Person)[pri:0, instance:homework.ch11_13.CourseTest@1990a65e]" started-at="2021-04-17T17:17:11Z" name="testGetTeacher" data-provider="courseDataProvider" finished-at="2021-04-17T17:17:11Z" duration-ms="0" status="PASS">
          <params>
            <param index="0">
              <value>
                <![CDATA[课程名称：Java Language Programming学生:老师：年龄:65 名字:James Gosling
教工Id：0 职称：Professor 邮箱：http://nighthacks.com/jag/bio/index.html
]]>
              </value>
            </param>
            <param index="1">
              <value>
                <![CDATA[年龄:65 名字:James Gosling
教工Id：0 职称：Professor 邮箱：http://nighthacks.com/jag/bio/index.html
]]>
              </value>
            </param>
          </params>
          <reporter-output>
          </reporter-output>
        </test-method> <!-- testGetTeacher -->
        <test-method signature="testTestClone(homework.ch11_13.p3.Course, java.lang.Object)[pri:0, instance:homework.ch11_13.CourseTest@1990a65e]" started-at="2021-04-17T17:17:11Z" name="testTestClone" data-provider="courseDataProvider" finished-at="2021-04-17T17:17:11Z" duration-ms="0" status="PASS">
          <params>
            <param index="0">
              <value>
                <![CDATA[课程名称：Java Language Programming学生:年龄:20 名字:aaa
学号：20170101 部门：CS 班级：CS1704
--年龄:20 名字:bbb
学号：20170102 部门：CS 班级：CS1705
--年龄:20 名字:ccc
学号：20170103 部门：CS 班级：CS1706
--老师：年龄:65 名字:James Gosling
教工Id：0 职称：Professor 邮箱：http://nighthacks.com/jag/bio/index.html
]]>
              </value>
            </param>
            <param index="1">
              <value is-null="true"/>
            </param>
          </params>
          <reporter-output>
          </reporter-output>
        </test-method> <!-- testTestClone -->
        <test-method signature="testUnregister(homework.ch11_13.p3.Course, [Lhomework.ch11_13.p3.Person;)[pri:0, instance:homework.ch11_13.CourseTest@1990a65e]" started-at="2021-04-17T17:17:11Z" name="testUnregister" data-provider="courseDataProvider" finished-at="2021-04-17T17:17:11Z" duration-ms="0" status="PASS">
          <params>
            <param index="0">
              <value>
                <![CDATA[课程名称：Java Language Programming学生:年龄:20 名字:aaa
学号：20170101 部门：CS 班级：CS1704
--年龄:20 名字:bbb
学号：20170102 部门：CS 班级：CS1705
--年龄:20 名字:ccc
学号：20170103 部门：CS 班级：CS1706
--老师：年龄:65 名字:James Gosling
教工Id：0 职称：Professor 邮箱：http://nighthacks.com/jag/bio/index.html
]]>
              </value>
            </param>
            <param index="1">
              <value>
                <![CDATA[[Lhomework.ch11_13.p3.Person;@78b729e6]]>
              </value>
            </param>
          </params>
          <reporter-output>
          </reporter-output>
        </test-method> <!-- testUnregister -->
        <test-method signature="testTestEquals([Lhomework.ch11_13.p3.Course;, boolean)[pri:0, instance:homework.ch11_13.CourseTest@1990a65e]" started-at="2021-04-17T17:17:11Z" name="testTestEquals" data-provider="courseDataProvider" finished-at="2021-04-17T17:17:11Z" duration-ms="0" status="PASS">
          <params>
            <param index="0">
              <value>
                <![CDATA[[Lhomework.ch11_13.p3.Course;@4b44655e]]>
              </value>
            </param>
            <param index="1">
              <value>
                <![CDATA[false]]>
              </value>
            </param>
          </params>
          <reporter-output>
          </reporter-output>
        </test-method> <!-- testTestEquals -->
        <test-method signature="testTestEquals([Lhomework.ch11_13.p3.Course;, boolean)[pri:0, instance:homework.ch11_13.CourseTest@1990a65e]" started-at="2021-04-17T17:17:11Z" name="testTestEquals" data-provider="courseDataProvider" finished-at="2021-04-17T17:17:11Z" duration-ms="0" status="PASS">
          <params>
            <param index="0">
              <value>
                <![CDATA[[Lhomework.ch11_13.p3.Course;@78dd667e]]>
              </value>
            </param>
            <param index="1">
              <value>
                <![CDATA[false]]>
              </value>
            </param>
          </params>
          <reporter-output>
          </reporter-output>
        </test-method> <!-- testTestEquals -->
        <test-method signature="testGetNumberOfStudent(homework.ch11_13.p3.Course, int)[pri:0, instance:homework.ch11_13.CourseTest@1990a65e]" started-at="2021-04-17T17:17:11Z" name="testGetNumberOfStudent" data-provider="courseDataProvider" finished-at="2021-04-17T17:17:11Z" duration-ms="0" status="PASS">
          <params>
            <param index="0">
              <value>
                <![CDATA[课程名称：Java Language Programming学生:年龄:20 名字:aaa
学号：20170101 部门：CS 班级：CS1704
--年龄:20 名字:bbb
学号：20170102 部门：CS 班级：CS1705
--年龄:20 名字:ccc
学号：20170103 部门：CS 班级：CS1706
--老师：年龄:65 名字:James Gosling
教工Id：0 职称：Professor 邮箱：http://nighthacks.com/jag/bio/index.html
]]>
              </value>
            </param>
            <param index="1">
              <value>
                <![CDATA[3]]>
              </value>
            </param>
          </params>
          <reporter-output>
          </reporter-output>
        </test-method> <!-- testGetNumberOfStudent -->
        <test-method signature="testTestEquals([Lhomework.ch11_13.p3.Course;, boolean)[pri:0, instance:homework.ch11_13.CourseTest@1990a65e]" started-at="2021-04-17T17:17:11Z" name="testTestEquals" data-provider="courseDataProvider" finished-at="2021-04-17T17:17:11Z" duration-ms="0" status="PASS">
          <params>
            <param index="0">
              <value>
                <![CDATA[[Lhomework.ch11_13.p3.Course;@1d76aeea]]>
              </value>
            </param>
            <param index="1">
              <value>
                <![CDATA[false]]>
              </value>
            </param>
          </params>
          <reporter-output>
          </reporter-output>
        </test-method> <!-- testTestEquals -->
        <test-method signature="testTestEquals([Lhomework.ch11_13.p3.Course;, boolean)[pri:0, instance:homework.ch11_13.CourseTest@1990a65e]" started-at="2021-04-17T17:17:11Z" name="testTestEquals" data-provider="courseDataProvider" finished-at="2021-04-17T17:17:11Z" duration-ms="0" status="PASS">
          <params>
            <param index="0">
              <value>
                <![CDATA[[Lhomework.ch11_13.p3.Course;@7ea37dbf]]>
              </value>
            </param>
            <param index="1">
              <value>
                <![CDATA[true]]>
              </value>
            </param>
          </params>
          <reporter-output>
          </reporter-output>
        </test-method> <!-- testTestEquals -->
        <test-method signature="testTestToString(homework.ch11_13.p3.Course, [Ljava.lang.String;)[pri:0, instance:homework.ch11_13.CourseTest@1990a65e]" started-at="2021-04-17T17:17:11Z" name="testTestToString" data-provider="courseDataProvider" finished-at="2021-04-17T17:17:11Z" duration-ms="0" status="PASS">
          <params>
            <param index="0">
              <value>
                <![CDATA[课程名称：C++ Language Programming学生:年龄:21 名字:ccc
学号：20170103 部门：CS1 班级：CS1705
--年龄:22 名字:ddd
学号：20170104 部门：CS2 班级：CS1706
--老师：年龄:40 名字:T1
教工Id：1 职称：Professor 邮箱：123@qq.com
]]>
              </value>
            </param>
            <param index="1">
              <value>
                <![CDATA[[Ljava.lang.String;@501edcf1]]>
              </value>
            </param>
          </params>
          <reporter-output>
          </reporter-output>
        </test-method> <!-- testTestToString -->
        <test-method signature="testTestEquals([Lhomework.ch11_13.p3.Course;, boolean)[pri:0, instance:homework.ch11_13.CourseTest@1990a65e]" started-at="2021-04-17T17:17:11Z" name="testTestEquals" data-provider="courseDataProvider" finished-at="2021-04-17T17:17:11Z" duration-ms="0" status="PASS">
          <params>
            <param index="0">
              <value>
                <![CDATA[[Lhomework.ch11_13.p3.Course;@10db82ae]]>
              </value>
            </param>
            <param index="1">
              <value>
                <![CDATA[false]]>
              </value>
            </param>
          </params>
          <reporter-output>
          </reporter-output>
        </test-method> <!-- testTestEquals -->
        <test-method signature="testTestEquals([Lhomework.ch11_13.p3.Course;, boolean)[pri:0, instance:homework.ch11_13.CourseTest@1990a65e]" started-at="2021-04-17T17:17:11Z" name="testTestEquals" data-provider="courseDataProvider" finished-at="2021-04-17T17:17:11Z" duration-ms="0" status="PASS">
          <params>
            <param index="0">
              <value>
                <![CDATA[[Lhomework.ch11_13.p3.Course;@290d210d]]>
              </value>
            </param>
            <param index="1">
              <value>
                <![CDATA[true]]>
              </value>
            </param>
          </params>
          <reporter-output>
          </reporter-output>
        </test-method> <!-- testTestEquals -->
      </class> <!-- homework.ch11_13.CourseTest -->
    </test> <!-- D:/IdeaWorkspace/TestNGDemo/test/homework/ch11_13/CourseTest.java -->
  </suite> <!-- All Test Suite (0) -->
  <suite started-at="2021-04-17T17:17:11Z" name="All Test Suite (1)" finished-at="2021-04-17T17:17:12Z" duration-ms="44">
    <groups>
    </groups>
    <test started-at="2021-04-17T17:17:11Z" name="D:/IdeaWorkspace/TestNGDemo/test/homework/ch11_13/CompositeComponentTest.java" finished-at="2021-04-17T17:17:12Z" duration-ms="12">
      <class name="homework.ch11_13.CompositeComponentTest">
        <test-method signature="testGetPrice(homework.ch11_13.p4.Component, double)[pri:0, instance:homework.ch11_13.CompositeComponentTest@2eda0940]" started-at="2021-04-17T17:17:11Z" name="testGetPrice" data-provider="compositeComponentDataProvider" finished-at="2021-04-17T17:17:11Z" duration-ms="0" status="PASS">
          <params>
            <param index="0">
              <value>
                <![CDATA[Id:6 名字:root 价格:100.0
]]>
              </value>
            </param>
            <param index="1">
              <value>
                <![CDATA[0.0]]>
              </value>
            </param>
          </params>
          <reporter-output>
          </reporter-output>
        </test-method> <!-- testGetPrice -->
        <test-method signature="testGetPrice(homework.ch11_13.p4.Component, double)[pri:0, instance:homework.ch11_13.CompositeComponentTest@2eda0940]" started-at="2021-04-17T17:17:11Z" name="testGetPrice" data-provider="compositeComponentDataProvider" finished-at="2021-04-17T17:17:11Z" duration-ms="0" status="PASS">
          <params>
            <param index="0">
              <value>
                <![CDATA[Id:0 名字:aaa1 价格:5.0
]]>
              </value>
            </param>
            <param index="1">
              <value>
                <![CDATA[5.0]]>
              </value>
            </param>
          </params>
          <reporter-output>
          </reporter-output>
        </test-method> <!-- testGetPrice -->
        <test-method signature="testGetPrice(homework.ch11_13.p4.Component, double)[pri:0, instance:homework.ch11_13.CompositeComponentTest@2eda0940]" started-at="2021-04-17T17:17:11Z" name="testGetPrice" data-provider="compositeComponentDataProvider" finished-at="2021-04-17T17:17:11Z" duration-ms="0" status="PASS">
          <params>
            <param index="0">
              <value>
                <![CDATA[Id:4 名字:ccc1 价格:10.0
Id:0 名字:aaa1 价格:5.0
Id:1 名字:aaa2 价格:10.0
Id:5 名字:ccc2 价格:10.0
Id:2 名字:aaa3 价格:15.0
Id:3 名字:aaa4 价格:25.0
]]>
              </value>
            </param>
            <param index="1">
              <value>
                <![CDATA[55.0]]>
              </value>
            </param>
          </params>
          <reporter-output>
          </reporter-output>
        </test-method> <!-- testGetPrice -->
        <test-method signature="testRemove(homework.ch11_13.p4.Component, [Lhomework.ch11_13.p4.Component;)[pri:0, instance:homework.ch11_13.CompositeComponentTest@2eda0940]" started-at="2021-04-17T17:17:11Z" name="testRemove" data-provider="compositeComponentDataProvider" finished-at="2021-04-17T17:17:11Z" duration-ms="0" status="PASS">
          <params>
            <param index="0">
              <value>
                <![CDATA[Id:5 名字:ccc2 价格:10.0
]]>
              </value>
            </param>
            <param index="1">
              <value>
                <![CDATA[[Lhomework.ch11_13.p4.Component;@38c5cc4c]]>
              </value>
            </param>
          </params>
          <reporter-output>
          </reporter-output>
        </test-method> <!-- testRemove -->
        <test-method signature="testTestToString(homework.ch11_13.p4.Component, [Ljava.lang.String;)[pri:0, instance:homework.ch11_13.CompositeComponentTest@2eda0940]" started-at="2021-04-17T17:17:11Z" name="testTestToString" data-provider="compositeComponentDataProvider" finished-at="2021-04-17T17:17:11Z" duration-ms="0" status="PASS">
          <params>
            <param index="0">
              <value>
                <![CDATA[Id:6 名字:root 价格:100.0
Id:4 名字:ccc1 价格:10.0
Id:0 名字:aaa1 价格:5.0
Id:1 名字:aaa2 价格:10.0
Id:5 名字:ccc2 价格:10.0
Id:2 名字:aaa3 价格:15.0
Id:3 名字:aaa4 价格:25.0
]]>
              </value>
            </param>
            <param index="1">
              <value>
                <![CDATA[[Ljava.lang.String;@233fe9b6]]>
              </value>
            </param>
          </params>
          <reporter-output>
          </reporter-output>
        </test-method> <!-- testTestToString -->
        <test-method signature="testRemove(homework.ch11_13.p4.Component, [Lhomework.ch11_13.p4.Component;)[pri:0, instance:homework.ch11_13.CompositeComponentTest@2eda0940]" started-at="2021-04-17T17:17:11Z" name="testRemove" data-provider="compositeComponentDataProvider" finished-at="2021-04-17T17:17:11Z" duration-ms="0" status="PASS">
          <params>
            <param index="0">
              <value>
                <![CDATA[Id:4 名字:ccc1 价格:10.0
]]>
              </value>
            </param>
            <param index="1">
              <value>
                <![CDATA[[Lhomework.ch11_13.p4.Component;@37918c79]]>
              </value>
            </param>
          </params>
          <reporter-output>
          </reporter-output>
        </test-method> <!-- testRemove -->
        <test-method signature="testAdd(homework.ch11_13.p4.Component, [Lhomework.ch11_13.p4.Component;)[pri:0, instance:homework.ch11_13.CompositeComponentTest@2eda0940]" started-at="2021-04-17T17:17:11Z" name="testAdd" data-provider="compositeComponentDataProvider" finished-at="2021-04-17T17:17:11Z" duration-ms="0" status="PASS">
          <params>
            <param index="0">
              <value>
                <![CDATA[Id:6 名字:root 价格:100.0
Id:4 名字:ccc1 价格:10.0
Id:0 名字:aaa1 价格:5.0
Id:1 名字:aaa2 价格:10.0
Id:5 名字:ccc2 价格:10.0
Id:2 名字:aaa3 价格:15.0
Id:3 名字:aaa4 价格:25.0
]]>
              </value>
            </param>
            <param index="1">
              <value>
                <![CDATA[[Lhomework.ch11_13.p4.Component;@223f3642]]>
              </value>
            </param>
          </params>
          <reporter-output>
          </reporter-output>
        </test-method> <!-- testAdd -->
        <test-method signature="testCalcPrice(homework.ch11_13.p4.Component, double)[pri:0, instance:homework.ch11_13.CompositeComponentTest@2eda0940]" started-at="2021-04-17T17:17:11Z" name="testCalcPrice" data-provider="compositeComponentDataProvider" finished-at="2021-04-17T17:17:12Z" duration-ms="4" status="PASS">
          <params>
            <param index="0">
              <value>
                <![CDATA[Id:0 名字:aaa1 价格:5.0
]]>
              </value>
            </param>
            <param index="1">
              <value>
                <![CDATA[5.0]]>
              </value>
            </param>
          </params>
          <reporter-output>
          </reporter-output>
        </test-method> <!-- testCalcPrice -->
        <test-method signature="testRemove(homework.ch11_13.p4.Component, [Lhomework.ch11_13.p4.Component;)[pri:0, instance:homework.ch11_13.CompositeComponentTest@2eda0940]" started-at="2021-04-17T17:17:11Z" name="testRemove" data-provider="compositeComponentDataProvider" finished-at="2021-04-17T17:17:11Z" duration-ms="0" status="PASS">
          <params>
            <param index="0">
              <value>
                <![CDATA[Id:6 名字:root 价格:100.0
]]>
              </value>
            </param>
            <param index="1">
              <value>
                <![CDATA[[Lhomework.ch11_13.p4.Component;@78e94dcf]]>
              </value>
            </param>
          </params>
          <reporter-output>
          </reporter-output>
        </test-method> <!-- testRemove -->
        <test-method signature="testAdd(homework.ch11_13.p4.Component, [Lhomework.ch11_13.p4.Component;)[pri:0, instance:homework.ch11_13.CompositeComponentTest@2eda0940]" started-at="2021-04-17T17:17:11Z" name="testAdd" data-provider="compositeComponentDataProvider" finished-at="2021-04-17T17:17:11Z" duration-ms="0" status="PASS">
          <params>
            <param index="0">
              <value>
                <![CDATA[Id:5 名字:ccc2 价格:10.0
Id:2 名字:aaa3 价格:15.0
Id:3 名字:aaa4 价格:25.0
]]>
              </value>
            </param>
            <param index="1">
              <value>
                <![CDATA[[Lhomework.ch11_13.p4.Component;@5db250b4]]>
              </value>
            </param>
          </params>
          <reporter-output>
          </reporter-output>
        </test-method> <!-- testAdd -->
        <test-method signature="testAdd(homework.ch11_13.p4.Component, [Lhomework.ch11_13.p4.Component;)[pri:0, instance:homework.ch11_13.CompositeComponentTest@2eda0940]" started-at="2021-04-17T17:17:11Z" name="testAdd" data-provider="compositeComponentDataProvider" finished-at="2021-04-17T17:17:11Z" duration-ms="0" status="PASS">
          <params>
            <param index="0">
              <value>
                <![CDATA[Id:4 名字:ccc1 价格:10.0
Id:0 名字:aaa1 价格:5.0
Id:1 名字:aaa2 价格:10.0
Id:5 名字:ccc2 价格:10.0
Id:2 名字:aaa3 价格:15.0
Id:3 名字:aaa4 价格:25.0
]]>
              </value>
            </param>
            <param index="1">
              <value>
                <![CDATA[[Lhomework.ch11_13.p4.Component;@5bfa9431]]>
              </value>
            </param>
          </params>
          <reporter-output>
          </reporter-output>
        </test-method> <!-- testAdd -->
        <test-method signature="testCalcPrice(homework.ch11_13.p4.Component, double)[pri:0, instance:homework.ch11_13.CompositeComponentTest@2eda0940]" started-at="2021-04-17T17:17:12Z" name="testCalcPrice" data-provider="compositeComponentDataProvider" finished-at="2021-04-17T17:17:12Z" duration-ms="0" status="PASS">
          <params>
            <param index="0">
              <value>
                <![CDATA[Id:4 名字:ccc1 价格:10.0
Id:0 名字:aaa1 价格:5.0
Id:1 名字:aaa2 价格:10.0
Id:5 名字:ccc2 价格:10.0
Id:2 名字:aaa3 价格:15.0
Id:3 名字:aaa4 价格:25.0
]]>
              </value>
            </param>
            <param index="1">
              <value>
                <![CDATA[55.0]]>
              </value>
            </param>
          </params>
          <reporter-output>
          </reporter-output>
        </test-method> <!-- testCalcPrice -->
        <test-method signature="testCalcPrice(homework.ch11_13.p4.Component, double)[pri:0, instance:homework.ch11_13.CompositeComponentTest@2eda0940]" started-at="2021-04-17T17:17:12Z" name="testCalcPrice" data-provider="compositeComponentDataProvider" finished-at="2021-04-17T17:17:12Z" duration-ms="0" status="PASS">
          <params>
            <param index="0">
              <value>
                <![CDATA[Id:6 名字:root 价格:100.0
]]>
              </value>
            </param>
            <param index="1">
              <value>
                <![CDATA[0.0]]>
              </value>
            </param>
          </params>
          <reporter-output>
          </reporter-output>
        </test-method> <!-- testCalcPrice -->
        <test-method signature="testIterator(homework.ch11_13.p4.Component, java.lang.Class)[pri:0, instance:homework.ch11_13.CompositeComponentTest@2eda0940]" started-at="2021-04-17T17:17:12Z" name="testIterator" data-provider="compositeComponentDataProvider" finished-at="2021-04-17T17:17:12Z" duration-ms="0" status="PASS">
          <params>
            <param index="0">
              <value>
                <![CDATA[Id:4 名字:ccc1 价格:10.0
]]>
              </value>
            </param>
            <param index="1">
              <value>
                <![CDATA[class homework.ch11_13.p4.CompositeIterator]]>
              </value>
            </param>
          </params>
          <reporter-output>
          </reporter-output>
        </test-method> <!-- testIterator -->
      </class> <!-- homework.ch11_13.CompositeComponentTest -->
    </test> <!-- D:/IdeaWorkspace/TestNGDemo/test/homework/ch11_13/CompositeComponentTest.java -->
    <test started-at="2021-04-17T17:17:12Z" name="D:/IdeaWorkspace/TestNGDemo/test/homework/ch11_13/AtomicComponentTest.java" finished-at="2021-04-17T17:17:12Z" duration-ms="4">
      <class name="homework.ch11_13.AtomicComponentTest">
        <test-method signature="testSetPrice(homework.ch11_13.p4.Component, double)[pri:0, instance:homework.ch11_13.AtomicComponentTest@646007f4]" started-at="2021-04-17T17:17:12Z" name="testSetPrice" data-provider="atomicComponentDataProvider" finished-at="2021-04-17T17:17:12Z" duration-ms="0" status="PASS">
          <params>
            <param index="0">
              <value>
                <![CDATA[Id:0 名字:null 价格:10.0
]]>
              </value>
            </param>
            <param index="1">
              <value>
                <![CDATA[10.0]]>
              </value>
            </param>
          </params>
          <reporter-output>
          </reporter-output>
        </test-method> <!-- testSetPrice -->
        <test-method signature="testTestToString(homework.ch11_13.p4.Component, [Ljava.lang.String;)[pri:0, instance:homework.ch11_13.AtomicComponentTest@646007f4]" started-at="2021-04-17T17:17:12Z" name="testTestToString" data-provider="atomicComponentDataProvider" finished-at="2021-04-17T17:17:12Z" duration-ms="0" status="PASS">
          <params>
            <param index="0">
              <value>
                <![CDATA[Id:1 名字:key board 价格:5.0
]]>
              </value>
            </param>
            <param index="1">
              <value>
                <![CDATA[[Ljava.lang.String;@2f177a4b]]>
              </value>
            </param>
          </params>
          <reporter-output>
          </reporter-output>
        </test-method> <!-- testTestToString -->
        <test-method signature="testRemove(homework.ch11_13.p4.Component, homework.ch11_13.p4.Component)[pri:0, instance:homework.ch11_13.AtomicComponentTest@646007f4]" started-at="2021-04-17T17:17:12Z" name="testRemove" data-provider="atomicComponentDataProvider" finished-at="2021-04-17T17:17:12Z" duration-ms="0" status="PASS">
          <params>
            <param index="0">
              <value>
                <![CDATA[Id:1 名字:key board 价格:5.0
]]>
              </value>
            </param>
            <param index="1">
              <value>
                <![CDATA[Id:1 名字:key board 价格:5.0
]]>
              </value>
            </param>
          </params>
          <exception class="java.lang.UnsupportedOperationException">
            <full-stacktrace>
              <![CDATA[java.lang.UnsupportedOperationException
at homework.ch11_13.p4.AtomicComponent.remove(AtomicComponent.java:43)
at homework.ch11_13.AtomicComponentTest.testRemove(AtomicComponentTest.java:76)
at java.base/jdk.internal.reflect.NativeMethodAccessorImpl.invoke0(Native Method)
at java.base/jdk.internal.reflect.NativeMethodAccessorImpl.invoke(NativeMethodAccessorImpl.java:64)
at java.base/jdk.internal.reflect.DelegatingMethodAccessorImpl.invoke(DelegatingMethodAccessorImpl.java:43)
at java.base/java.lang.reflect.Method.invoke(Method.java:564)
at org.testng.internal.MethodInvocationHelper.invokeMethod(MethodInvocationHelper.java:124)
at org.testng.internal.Invoker.invokeMethod(Invoker.java:583)
at org.testng.internal.Invoker.invokeTestMethod(Invoker.java:719)
at org.testng.internal.Invoker.invokeTestMethods(Invoker.java:989)
at org.testng.internal.TestMethodWorker.invokeTestMethods(TestMethodWorker.java:125)
at org.testng.internal.TestMethodWorker.run(TestMethodWorker.java:109)
at org.testng.TestRunner.privateRun(TestRunner.java:648)
at org.testng.TestRunner.run(TestRunner.java:505)
at org.testng.SuiteRunner.runTest(SuiteRunner.java:455)
at org.testng.SuiteRunner.runSequentially(SuiteRunner.java:450)
at org.testng.SuiteRunner.privateRun(SuiteRunner.java:415)
at org.testng.SuiteRunner.run(SuiteRunner.java:364)
at org.testng.SuiteRunnerWorker.runSuite(SuiteRunnerWorker.java:52)
at org.testng.SuiteRunnerWorker.run(SuiteRunnerWorker.java:84)
at org.testng.TestNG.runSuitesSequentially(TestNG.java:1208)
at org.testng.TestNG.runSuitesSequentially(TestNG.java:1204)
at org.testng.TestNG.runSuitesLocally(TestNG.java:1137)
at org.testng.TestNG.runSuites(TestNG.java:1049)
at org.testng.TestNG.run(TestNG.java:1017)
at org.testng.TestNG.privateMain(TestNG.java:1354)
at org.testng.TestNG.main(TestNG.java:1323)
]]>
            </full-stacktrace>
          </exception> <!-- java.lang.UnsupportedOperationException -->
          <reporter-output>
          </reporter-output>
        </test-method> <!-- testRemove -->
        <test-method signature="testGetName(homework.ch11_13.p4.Component, java.lang.String)[pri:0, instance:homework.ch11_13.AtomicComponentTest@646007f4]" started-at="2021-04-17T17:17:12Z" name="testGetName" data-provider="atomicComponentDataProvider" finished-at="2021-04-17T17:17:12Z" duration-ms="0" status="PASS">
          <params>
            <param index="0">
              <value>
                <![CDATA[Id:1 名字:key board 价格:5.0
]]>
              </value>
            </param>
            <param index="1">
              <value>
                <![CDATA[key board]]>
              </value>
            </param>
          </params>
          <reporter-output>
          </reporter-output>
        </test-method> <!-- testGetName -->
        <test-method signature="testAdd(homework.ch11_13.p4.Component, homework.ch11_13.p4.Component)[pri:0, instance:homework.ch11_13.AtomicComponentTest@646007f4]" started-at="2021-04-17T17:17:12Z" name="testAdd" data-provider="atomicComponentDataProvider" finished-at="2021-04-17T17:17:12Z" duration-ms="0" status="PASS">
          <params>
            <param index="0">
              <value>
                <![CDATA[Id:1 名字:key board 价格:5.0
]]>
              </value>
            </param>
            <param index="1">
              <value>
                <![CDATA[Id:1 名字:key board 价格:5.0
]]>
              </value>
            </param>
          </params>
          <exception class="java.lang.UnsupportedOperationException">
            <full-stacktrace>
              <![CDATA[java.lang.UnsupportedOperationException
at homework.ch11_13.p4.AtomicComponent.add(AtomicComponent.java:31)
at homework.ch11_13.AtomicComponentTest.testAdd(AtomicComponentTest.java:68)
at java.base/jdk.internal.reflect.NativeMethodAccessorImpl.invoke0(Native Method)
at java.base/jdk.internal.reflect.NativeMethodAccessorImpl.invoke(NativeMethodAccessorImpl.java:64)
at java.base/jdk.internal.reflect.DelegatingMethodAccessorImpl.invoke(DelegatingMethodAccessorImpl.java:43)
at java.base/java.lang.reflect.Method.invoke(Method.java:564)
at org.testng.internal.MethodInvocationHelper.invokeMethod(MethodInvocationHelper.java:124)
at org.testng.internal.Invoker.invokeMethod(Invoker.java:583)
at org.testng.internal.Invoker.invokeTestMethod(Invoker.java:719)
at org.testng.internal.Invoker.invokeTestMethods(Invoker.java:989)
at org.testng.internal.TestMethodWorker.invokeTestMethods(TestMethodWorker.java:125)
at org.testng.internal.TestMethodWorker.run(TestMethodWorker.java:109)
at org.testng.TestRunner.privateRun(TestRunner.java:648)
at org.testng.TestRunner.run(TestRunner.java:505)
at org.testng.SuiteRunner.runTest(SuiteRunner.java:455)
at org.testng.SuiteRunner.runSequentially(SuiteRunner.java:450)
at org.testng.SuiteRunner.privateRun(SuiteRunner.java:415)
at org.testng.SuiteRunner.run(SuiteRunner.java:364)
at org.testng.SuiteRunnerWorker.runSuite(SuiteRunnerWorker.java:52)
at org.testng.SuiteRunnerWorker.run(SuiteRunnerWorker.java:84)
at org.testng.TestNG.runSuitesSequentially(TestNG.java:1208)
at org.testng.TestNG.runSuitesSequentially(TestNG.java:1204)
at org.testng.TestNG.runSuitesLocally(TestNG.java:1137)
at org.testng.TestNG.runSuites(TestNG.java:1049)
at org.testng.TestNG.run(TestNG.java:1017)
at org.testng.TestNG.privateMain(TestNG.java:1354)
at org.testng.TestNG.main(TestNG.java:1323)
]]>
            </full-stacktrace>
          </exception> <!-- java.lang.UnsupportedOperationException -->
          <reporter-output>
          </reporter-output>
        </test-method> <!-- testAdd -->
        <test-method signature="testGetId(homework.ch11_13.p4.Component, int)[pri:0, instance:homework.ch11_13.AtomicComponentTest@646007f4]" started-at="2021-04-17T17:17:12Z" name="testGetId" data-provider="atomicComponentDataProvider" finished-at="2021-04-17T17:17:12Z" duration-ms="0" status="PASS">
          <params>
            <param index="0">
              <value>
                <![CDATA[Id:1 名字:key board 价格:5.0
]]>
              </value>
            </param>
            <param index="1">
              <value>
                <![CDATA[1]]>
              </value>
            </param>
          </params>
          <reporter-output>
          </reporter-output>
        </test-method> <!-- testGetId -->
        <test-method signature="testGetPrice(homework.ch11_13.p4.Component, double)[pri:0, instance:homework.ch11_13.AtomicComponentTest@646007f4]" started-at="2021-04-17T17:17:12Z" name="testGetPrice" data-provider="atomicComponentDataProvider" finished-at="2021-04-17T17:17:12Z" duration-ms="0" status="PASS">
          <params>
            <param index="0">
              <value>
                <![CDATA[Id:1 名字:key board 价格:5.0
]]>
              </value>
            </param>
            <param index="1">
              <value>
                <![CDATA[5.0]]>
              </value>
            </param>
          </params>
          <reporter-output>
          </reporter-output>
        </test-method> <!-- testGetPrice -->
        <test-method signature="testCalcPrice(homework.ch11_13.p4.Component, double)[pri:0, instance:homework.ch11_13.AtomicComponentTest@646007f4]" started-at="2021-04-17T17:17:12Z" name="testCalcPrice" data-provider="atomicComponentDataProvider" finished-at="2021-04-17T17:17:12Z" duration-ms="0" status="PASS">
          <params>
            <param index="0">
              <value>
                <![CDATA[Id:1 名字:key board 价格:5.0
]]>
              </value>
            </param>
            <param index="1">
              <value>
                <![CDATA[5.0]]>
              </value>
            </param>
          </params>
          <reporter-output>
          </reporter-output>
        </test-method> <!-- testCalcPrice -->
        <test-method signature="testSetName(homework.ch11_13.p4.Component, java.lang.String)[pri:0, instance:homework.ch11_13.AtomicComponentTest@646007f4]" started-at="2021-04-17T17:17:12Z" name="testSetName" data-provider="atomicComponentDataProvider" finished-at="2021-04-17T17:17:12Z" duration-ms="0" status="PASS">
          <params>
            <param index="0">
              <value>
                <![CDATA[Id:0 名字:key board 1 价格:0.0
]]>
              </value>
            </param>
            <param index="1">
              <value>
                <![CDATA[key board 1]]>
              </value>
            </param>
          </params>
          <reporter-output>
          </reporter-output>
        </test-method> <!-- testSetName -->
        <test-method signature="testSetId(homework.ch11_13.p4.Component, int)[pri:0, instance:homework.ch11_13.AtomicComponentTest@646007f4]" started-at="2021-04-17T17:17:12Z" name="testSetId" data-provider="atomicComponentDataProvider" finished-at="2021-04-17T17:17:12Z" duration-ms="0" status="PASS">
          <params>
            <param index="0">
              <value>
                <![CDATA[Id:10 名字:null 价格:0.0
]]>
              </value>
            </param>
            <param index="1">
              <value>
                <![CDATA[10]]>
              </value>
            </param>
          </params>
          <reporter-output>
          </reporter-output>
        </test-method> <!-- testSetId -->
        <test-method signature="testIterator(homework.ch11_13.p4.Component, java.lang.Class)[pri:0, instance:homework.ch11_13.AtomicComponentTest@646007f4]" started-at="2021-04-17T17:17:12Z" name="testIterator" data-provider="atomicComponentDataProvider" finished-at="2021-04-17T17:17:12Z" duration-ms="0" status="PASS">
          <params>
            <param index="0">
              <value>
                <![CDATA[Id:1 名字:key board 价格:5.0
]]>
              </value>
            </param>
            <param index="1">
              <value>
                <![CDATA[class homework.ch11_13.p4.NullIterator]]>
              </value>
            </param>
          </params>
          <reporter-output>
          </reporter-output>
        </test-method> <!-- testIterator -->
      </class> <!-- homework.ch11_13.AtomicComponentTest -->
    </test> <!-- D:/IdeaWorkspace/TestNGDemo/test/homework/ch11_13/AtomicComponentTest.java -->
    <test started-at="2021-04-17T17:17:12Z" name="D:/IdeaWorkspace/TestNGDemo/test/homework/ch11_13/ComponentListTest.java" finished-at="2021-04-17T17:17:12Z" duration-ms="0">
      <class name="homework.ch11_13.ComponentListTest">
        <test-method signature="testHasNext(homework.ch11_13.p4.Iterator, homework.ch11_13.p4.Iterator)[pri:0, instance:homework.ch11_13.ComponentListTest@727803de]" started-at="2021-04-17T17:17:12Z" name="testHasNext" data-provider="componentListDataProvider" finished-at="2021-04-17T17:17:12Z" duration-ms="0" status="PASS">
          <params>
            <param index="0">
              <value>
                <![CDATA[[]]]>
              </value>
            </param>
            <param index="1">
              <value>
                <![CDATA[[Id:1 名字:key board 价格:1.0
, Id:2 名字:mouse  价格:5.0
]]]>
              </value>
            </param>
          </params>
          <reporter-output>
          </reporter-output>
        </test-method> <!-- testHasNext -->
        <test-method signature="testNext(homework.ch11_13.p4.Iterator, [Lhomework.ch11_13.p4.Component;)[pri:0, instance:homework.ch11_13.ComponentListTest@727803de]" started-at="2021-04-17T17:17:12Z" name="testNext" data-provider="componentListDataProvider" finished-at="2021-04-17T17:17:12Z" duration-ms="0" status="PASS">
          <params>
            <param index="0">
              <value>
                <![CDATA[[Id:1 名字:key board 价格:1.0
, Id:2 名字:mouse  价格:5.0
]]]>
              </value>
            </param>
            <param index="1">
              <value>
                <![CDATA[[Lhomework.ch11_13.p4.Component;@77167fb7]]>
              </value>
            </param>
          </params>
          <reporter-output>
          </reporter-output>
        </test-method> <!-- testNext -->
        <test-method signature="testNext(homework.ch11_13.p4.Iterator, [Lhomework.ch11_13.p4.Component;)[pri:0, instance:homework.ch11_13.ComponentListTest@727803de]" started-at="2021-04-17T17:17:12Z" name="testNext" data-provider="componentListDataProvider" finished-at="2021-04-17T17:17:12Z" duration-ms="0" status="PASS">
          <params>
            <param index="0">
              <value>
                <![CDATA[[]]]>
              </value>
            </param>
            <param index="1">
              <value>
                <![CDATA[[Lhomework.ch11_13.p4.Component;@15b204a1]]>
              </value>
            </param>
          </params>
          <reporter-output>
          </reporter-output>
        </test-method> <!-- testNext -->
      </class> <!-- homework.ch11_13.ComponentListTest -->
    </test> <!-- D:/IdeaWorkspace/TestNGDemo/test/homework/ch11_13/ComponentListTest.java -->
    <test started-at="2021-04-17T17:17:12Z" name="D:/IdeaWorkspace/TestNGDemo/test/homework/ch11_13/CompositeIteratorTest.java" finished-at="2021-04-17T17:17:12Z" duration-ms="0">
      <class name="homework.ch11_13.CompositeIteratorTest">
        <test-method signature="testHasNext(homework.ch11_13.p4.Component, [Lhomework.ch11_13.p4.Component;)[pri:0, instance:homework.ch11_13.CompositeIteratorTest@fcd6521]" started-at="2021-04-17T17:17:12Z" name="testHasNext" data-provider="compositeIteratorDataProvider" finished-at="2021-04-17T17:17:12Z" duration-ms="0" status="PASS">
          <params>
            <param index="0">
              <value>
                <![CDATA[Id:6 名字:root 价格:100.0
Id:4 名字:ccc1 价格:10.0
Id:0 名字:aaa1 价格:5.0
Id:1 名字:aaa2 价格:10.0
Id:5 名字:ccc2 价格:10.0
Id:2 名字:aaa3 价格:15.0
Id:3 名字:aaa4 价格:25.0
]]>
              </value>
            </param>
            <param index="1">
              <value>
                <![CDATA[[Lhomework.ch11_13.p4.Component;@2ddc8ecb]]>
              </value>
            </param>
          </params>
          <reporter-output>
          </reporter-output>
        </test-method> <!-- testHasNext -->
        <test-method signature="testNext(homework.ch11_13.p4.Component, [Lhomework.ch11_13.p4.Component;)[pri:0, instance:homework.ch11_13.CompositeIteratorTest@fcd6521]" started-at="2021-04-17T17:17:12Z" name="testNext" data-provider="compositeIteratorDataProvider" finished-at="2021-04-17T17:17:12Z" duration-ms="0" status="PASS">
          <params>
            <param index="0">
              <value>
                <![CDATA[Id:6 名字:root 价格:100.0
Id:4 名字:ccc1 价格:10.0
Id:0 名字:aaa1 价格:5.0
Id:1 名字:aaa2 价格:10.0
Id:5 名字:ccc2 价格:10.0
Id:2 名字:aaa3 价格:15.0
Id:3 名字:aaa4 价格:25.0
]]>
              </value>
            </param>
            <param index="1">
              <value>
                <![CDATA[[Lhomework.ch11_13.p4.Component;@229d10bd]]>
              </value>
            </param>
          </params>
          <reporter-output>
          </reporter-output>
        </test-method> <!-- testNext -->
      </class> <!-- homework.ch11_13.CompositeIteratorTest -->
    </test> <!-- D:/IdeaWorkspace/TestNGDemo/test/homework/ch11_13/CompositeIteratorTest.java -->
    <test started-at="2021-04-17T17:17:12Z" name="D:/IdeaWorkspace/TestNGDemo/test/homework/ch11_13/NullIteratorTest.java" finished-at="2021-04-17T17:17:12Z" duration-ms="0">
      <class name="homework.ch11_13.NullIteratorTest">
        <test-method signature="testHasNext(homework.ch11_13.p4.Iterator)[pri:0, instance:homework.ch11_13.NullIteratorTest@376b4233]" started-at="2021-04-17T17:17:12Z" name="testHasNext" data-provider="nullIteratorDataProvider" finished-at="2021-04-17T17:17:12Z" duration-ms="0" status="PASS">
          <params>
            <param index="0">
              <value>
                <![CDATA[homework.ch11_13.p4.NullIterator@309e345f]]>
              </value>
            </param>
          </params>
          <reporter-output>
          </reporter-output>
        </test-method> <!-- testHasNext -->
        <test-method signature="testNext(homework.ch11_13.p4.Iterator)[pri:0, instance:homework.ch11_13.NullIteratorTest@376b4233]" started-at="2021-04-17T17:17:12Z" name="testNext" data-provider="nullIteratorDataProvider" finished-at="2021-04-17T17:17:12Z" duration-ms="0" status="PASS">
          <params>
            <param index="0">
              <value>
                <![CDATA[homework.ch11_13.p4.NullIterator@56a6d5a6]]>
              </value>
            </param>
          </params>
          <reporter-output>
          </reporter-output>
        </test-method> <!-- testNext -->
      </class> <!-- homework.ch11_13.NullIteratorTest -->
    </test> <!-- D:/IdeaWorkspace/TestNGDemo/test/homework/ch11_13/NullIteratorTest.java -->
  </suite> <!-- All Test Suite (1) -->
</testng-results>
